INFO 2024-11-19 10:52:20,492 Watching for file changes with StatReloader
INFO 2024-11-19 10:56:29,068 D:\pp\workspace\Django-School-Management-System\school_app\settings.py changed, reloading.
INFO 2024-11-19 10:56:29,829 Watching for file changes with StatReloader
INFO 2024-11-19 10:56:35,378 Watching for file changes with StatReloader
INFO 2024-11-19 10:57:38,353 Watching for file changes with StatReloader
INFO 2024-11-19 10:58:08,649 D:\pp\workspace\Django-School-Management-System\apps\students\views.py changed, reloading.
INFO 2024-11-19 10:58:09,453 Watching for file changes with StatReloader
INFO 2024-11-19 10:58:14,198 D:\pp\workspace\Django-School-Management-System\apps\students\views.py changed, reloading.
INFO 2024-11-19 10:58:15,053 Watching for file changes with StatReloader
INFO 2024-11-19 10:58:26,708 "GET / HTTP/1.1" 302 0
INFO 2024-11-19 10:58:26,823 "GET /accounts/login/?next=/ HTTP/1.1" 200 3989
INFO 2024-11-19 10:58:26,837 "GET /static/plugins/fontawesome-free/css/all.min.css HTTP/1.1" 304 0
INFO 2024-11-19 10:58:26,843 "GET /static/plugins/toastr/toastr.min.css HTTP/1.1" 304 0
INFO 2024-11-19 10:58:26,846 "GET /static/plugins/overlayScrollbars/css/OverlayScrollbars.min.css HTTP/1.1" 304 0
INFO 2024-11-19 10:58:26,851 "GET /static/dist/css/adminlte.min.css HTTP/1.1" 304 0
INFO 2024-11-19 10:58:26,857 "GET /static/dist/css/login-page.css HTTP/1.1" 304 0
INFO 2024-11-19 10:58:26,863 "GET /static/plugins/jquery/jquery.min.js HTTP/1.1" 304 0
INFO 2024-11-19 10:58:26,863 "GET /static/dist/img/login.png HTTP/1.1" 304 0
INFO 2024-11-19 10:58:26,867 "GET /static/dist/js/jquery.formset.js HTTP/1.1" 304 0
INFO 2024-11-19 10:58:26,893 "GET /static/plugins/bootstrap/js/bootstrap.bundle.min.js HTTP/1.1" 304 0
INFO 2024-11-19 10:58:26,899 "GET /static/plugins/toastr/toastr.min.js HTTP/1.1" 304 0
INFO 2024-11-19 10:58:26,903 "GET /static/plugins/overlayScrollbars/js/jquery.overlayScrollbars.min.js HTTP/1.1" 304 0
INFO 2024-11-19 10:58:26,915 "GET /static/dist/js/adminlte.js HTTP/1.1" 304 0
INFO 2024-11-19 10:58:26,915 "GET /static/dist/js/demo.js HTTP/1.1" 304 0
INFO 2024-11-19 10:58:27,033 "GET /static/plugins/fontawesome-free/webfonts/fa-solid-900.woff2 HTTP/1.1" 304 0
INFO 2024-11-19 10:58:42,240 "POST /accounts/login/ HTTP/1.1" 302 0
ERROR 2024-11-19 10:58:42,394 Internal Server Error: /
Traceback (most recent call last):
  File "C:\Users\HP\AppData\Local\Programs\Python\Python312\Lib\site-packages\django\core\handlers\exception.py", line 34, in inner
    response = get_response(request)
               ^^^^^^^^^^^^^^^^^^^^^
  File "C:\Users\HP\AppData\Local\Programs\Python\Python312\Lib\site-packages\django\core\handlers\base.py", line 145, in _get_response
    response = self.process_exception_by_middleware(e, request)
               ^^^^^^^^^^^^^^^^^^^^^^^^^^^^^^^^^^^^^^^^^^^^^^^^
  File "C:\Users\HP\AppData\Local\Programs\Python\Python312\Lib\site-packages\django\core\handlers\base.py", line 143, in _get_response
    response = response.render()
               ^^^^^^^^^^^^^^^^^
  File "C:\Users\HP\AppData\Local\Programs\Python\Python312\Lib\site-packages\django\template\response.py", line 105, in render
    self.content = self.rendered_content
                   ^^^^^^^^^^^^^^^^^^^^^
  File "C:\Users\HP\AppData\Local\Programs\Python\Python312\Lib\site-packages\django\template\response.py", line 83, in rendered_content
    return template.render(context, self._request)
           ^^^^^^^^^^^^^^^^^^^^^^^^^^^^^^^^^^^^^^^
  File "C:\Users\HP\AppData\Local\Programs\Python\Python312\Lib\site-packages\django\template\backends\django.py", line 61, in render
    return self.template.render(context)
           ^^^^^^^^^^^^^^^^^^^^^^^^^^^^^
  File "C:\Users\HP\AppData\Local\Programs\Python\Python312\Lib\site-packages\django\template\base.py", line 171, in render
    return self._render(context)
           ^^^^^^^^^^^^^^^^^^^^^
  File "C:\Users\HP\AppData\Local\Programs\Python\Python312\Lib\site-packages\django\template\base.py", line 163, in _render
    return self.nodelist.render(context)
           ^^^^^^^^^^^^^^^^^^^^^^^^^^^^^
  File "C:\Users\HP\AppData\Local\Programs\Python\Python312\Lib\site-packages\django\template\base.py", line 936, in render
    bit = node.render_annotated(context)
          ^^^^^^^^^^^^^^^^^^^^^^^^^^^^^^
  File "C:\Users\HP\AppData\Local\Programs\Python\Python312\Lib\site-packages\django\template\base.py", line 903, in render_annotated
    return self.render(context)
           ^^^^^^^^^^^^^^^^^^^^
  File "C:\Users\HP\AppData\Local\Programs\Python\Python312\Lib\site-packages\django\template\loader_tags.py", line 150, in render
    return compiled_parent._render(context)
           ^^^^^^^^^^^^^^^^^^^^^^^^^^^^^^^^
  File "C:\Users\HP\AppData\Local\Programs\Python\Python312\Lib\site-packages\django\template\base.py", line 163, in _render
    return self.nodelist.render(context)
           ^^^^^^^^^^^^^^^^^^^^^^^^^^^^^
  File "C:\Users\HP\AppData\Local\Programs\Python\Python312\Lib\site-packages\django\template\base.py", line 936, in render
    bit = node.render_annotated(context)
          ^^^^^^^^^^^^^^^^^^^^^^^^^^^^^^
  File "C:\Users\HP\AppData\Local\Programs\Python\Python312\Lib\site-packages\django\template\base.py", line 903, in render_annotated
    return self.render(context)
           ^^^^^^^^^^^^^^^^^^^^
  File "C:\Users\HP\AppData\Local\Programs\Python\Python312\Lib\site-packages\django\template\defaulttags.py", line 443, in render
    url = reverse(view_name, args=args, kwargs=kwargs, current_app=current_app)
          ^^^^^^^^^^^^^^^^^^^^^^^^^^^^^^^^^^^^^^^^^^^^^^^^^^^^^^^^^^^^^^^^^^^^^
  File "C:\Users\HP\AppData\Local\Programs\Python\Python312\Lib\site-packages\django\urls\base.py", line 87, in reverse
    return iri_to_uri(resolver._reverse_with_prefix(view, prefix, *args, **kwargs))
                      ^^^^^^^^^^^^^^^^^^^^^^^^^^^^^^^^^^^^^^^^^^^^^^^^^^^^^^^^^^^^
  File "C:\Users\HP\AppData\Local\Programs\Python\Python312\Lib\site-packages\django\urls\resolvers.py", line 677, in _reverse_with_prefix
    raise NoReverseMatch(msg)
django.urls.exceptions.NoReverseMatch: Reverse for 'invoice-list' not found. 'invoice-list' is not a valid view function or pattern name.
ERROR 2024-11-19 10:58:42,410 "GET / HTTP/1.1" 500 145388
INFO 2024-11-19 10:59:43,767 "GET / HTTP/1.1" 200 9241
INFO 2024-11-19 10:59:43,786 "GET /static/plugins/Datatables/datatables.min.css HTTP/1.1" 304 0
INFO 2024-11-19 10:59:43,790 "GET /static/plugins/Datatables/datatables.min.js HTTP/1.1" 304 0
INFO 2024-11-19 10:59:43,824 "GET /static/plugins/fontawesome-free/webfonts/fa-regular-400.woff2 HTTP/1.1" 304 0
INFO 2024-11-19 11:00:36,148 "GET /staff/list/ HTTP/1.1" 200 9638
INFO 2024-11-19 11:00:39,323 "GET /student/list HTTP/1.1" 200 9897
INFO 2024-11-19 11:02:05,901 "GET /student/list HTTP/1.1" 200 9444
INFO 2024-11-19 11:04:14,017 "GET /student/list HTTP/1.1" 200 9647
INFO 2024-11-19 11:04:53,804 "GET /result/create/ HTTP/1.1" 200 10787
WARNING 2024-11-19 11:05:12,534 Not Found: /admin/
WARNING 2024-11-19 11:05:12,534 "GET /admin/ HTTP/1.1" 404 5941
WARNING 2024-11-19 11:07:09,476 Not Found: /result/admin/
WARNING 2024-11-19 11:07:09,476 "GET /result/admin/ HTTP/1.1" 404 6409
INFO 2024-11-19 11:10:14,069 Watching for file changes with StatReloader
INFO 2024-11-19 11:11:08,469 "GET /result/create/ HTTP/1.1" 200 10787
INFO 2024-11-19 11:11:39,869 "GET /result/create/ HTTP/1.1" 200 10787
WARNING 2024-11-19 11:11:48,249 Not Found: /admin/
WARNING 2024-11-19 11:11:48,251 "GET /admin/ HTTP/1.1" 404 5941
WARNING 2024-11-19 11:12:05,419 Not Found: /result/admin/
WARNING 2024-11-19 11:12:05,421 "GET /result/admin/ HTTP/1.1" 404 6409
INFO 2024-11-19 11:12:15,029 "GET /student/list HTTP/1.1" 200 9647
WARNING 2024-11-19 11:12:23,858 Not Found: /student/admin
WARNING 2024-11-19 11:12:23,859 "GET /student/admin HTTP/1.1" 404 7186
INFO 2024-11-19 11:15:50,600 Watching for file changes with StatReloader
INFO 2024-11-19 11:15:56,098 "GET /result/create/ HTTP/1.1" 200 10787
INFO 2024-11-19 11:15:56,306 "GET /result/create/ HTTP/1.1" 200 10787
INFO 2024-11-19 11:15:56,481 "GET /result/create/ HTTP/1.1" 200 10787
INFO 2024-11-19 11:15:56,628 "GET /result/create/ HTTP/1.1" 200 10787
INFO 2024-11-19 11:15:56,776 "GET /result/create/ HTTP/1.1" 200 10787
INFO 2024-11-19 11:15:57,006 "GET /result/create/ HTTP/1.1" 200 10787
INFO 2024-11-19 11:16:01,346 "GET /accounts/logout/ HTTP/1.1" 302 0
INFO 2024-11-19 11:16:01,361 "GET / HTTP/1.1" 302 0
INFO 2024-11-19 11:16:01,379 "GET /accounts/login/?next=/ HTTP/1.1" 200 3989
WARNING 2024-11-19 11:16:12,716 Not Found: /admin/
WARNING 2024-11-19 11:16:12,716 "GET /admin/ HTTP/1.1" 404 5941
WARNING 2024-11-19 11:16:14,568 Not Found: /admin/
WARNING 2024-11-19 11:16:14,568 "GET /admin/ HTTP/1.1" 404 5941
INFO 2024-11-19 11:16:33,868 "GET /accounts/login/?next=/ HTTP/1.1" 200 3989
INFO 2024-11-19 11:28:10,814 "POST /accounts/login/ HTTP/1.1" 200 4114
INFO 2024-11-19 11:28:21,436 "POST /accounts/login/ HTTP/1.1" 302 0
INFO 2024-11-19 11:28:21,468 "GET / HTTP/1.1" 200 8991
INFO 2024-11-19 11:28:26,045 "GET /student/list HTTP/1.1" 200 9647
INFO 2024-11-19 11:28:29,458 "GET /student/create/ HTTP/1.1" 200 13388
INFO 2024-11-19 11:28:42,734 "GET /student/upload/ HTTP/1.1" 200 9702
INFO 2024-11-19 11:28:52,719 "GET /session/list/ HTTP/1.1" 200 11985
INFO 2024-11-19 11:29:01,167 "GET /subject/list/ HTTP/1.1" 200 11383
INFO 2024-11-19 11:29:04,251 "GET /subject/2/update/ HTTP/1.1" 200 9527
INFO 2024-11-19 11:29:12,524 "POST /subject/2/update/ HTTP/1.1" 302 0
INFO 2024-11-19 11:29:12,574 "GET /subject/list/ HTTP/1.1" 200 11521
INFO 2024-11-19 11:29:15,426 "GET /subject/1/update/ HTTP/1.1" 200 9531
INFO 2024-11-19 11:29:26,641 "POST /subject/1/update/ HTTP/1.1" 302 0
INFO 2024-11-19 11:29:26,684 "GET /subject/list/ HTTP/1.1" 200 11516
INFO 2024-11-19 11:29:31,257 "GET /subject/3/update/ HTTP/1.1" 200 9527
INFO 2024-11-19 11:29:38,287 "POST /subject/3/update/ HTTP/1.1" 302 0
INFO 2024-11-19 11:29:38,333 "GET /subject/list/ HTTP/1.1" 200 11513
INFO 2024-11-19 11:29:51,984 "POST /subject/create/ HTTP/1.1" 302 0
INFO 2024-11-19 11:29:52,028 "GET /subject/list/ HTTP/1.1" 200 11795
INFO 2024-11-19 11:30:02,205 "GET /term/list/ HTTP/1.1" 200 11932
INFO 2024-11-19 11:30:13,201 "GET /term/1/update/ HTTP/1.1" 200 9858
INFO 2024-11-19 11:30:19,036 "POST /term/1/update/ HTTP/1.1" 302 0
INFO 2024-11-19 11:30:19,086 "GET /term/list/ HTTP/1.1" 200 12071
INFO 2024-11-19 11:30:22,498 "GET /term/2/update/ HTTP/1.1" 200 9849
INFO 2024-11-19 11:30:30,008 "GET /term/1/update/ HTTP/1.1" 200 9856
INFO 2024-11-19 11:30:38,437 "POST /term/1/update/ HTTP/1.1" 302 0
INFO 2024-11-19 11:30:38,484 "GET /term/list/ HTTP/1.1" 200 12073
INFO 2024-11-19 11:30:45,361 "GET /class/list/ HTTP/1.1" 200 11672
INFO 2024-11-19 11:30:49,224 "GET /class/4/update/ HTTP/1.1" 200 9524
INFO 2024-11-19 11:31:03,354 "POST /class/4/update/ HTTP/1.1" 302 0
INFO 2024-11-19 11:31:03,394 "GET /class/list/ HTTP/1.1" 200 11813
INFO 2024-11-19 11:31:07,144 "GET /class/3/update/ HTTP/1.1" 200 9529
INFO 2024-11-19 11:31:17,587 "POST /class/3/update/ HTTP/1.1" 302 0
INFO 2024-11-19 11:31:17,633 "GET /class/list/ HTTP/1.1" 200 11807
INFO 2024-11-19 11:31:19,874 "GET /class/1/update/ HTTP/1.1" 200 9525
INFO 2024-11-19 11:31:30,751 "POST /class/1/update/ HTTP/1.1" 302 0
INFO 2024-11-19 11:31:30,794 "GET /class/list/ HTTP/1.1" 200 11807
INFO 2024-11-19 11:31:34,436 "GET /class/2/update/ HTTP/1.1" 200 9525
INFO 2024-11-19 11:31:50,997 "POST /class/2/update/ HTTP/1.1" 302 0
INFO 2024-11-19 11:31:51,039 "GET /class/list/ HTTP/1.1" 200 11818
INFO 2024-11-19 11:32:05,771 "GET /session/list/ HTTP/1.1" 200 11985
INFO 2024-11-19 11:32:12,719 "GET /session/3/update/ HTTP/1.1" 200 9878
INFO 2024-11-19 11:32:25,987 "POST /session/3/update/ HTTP/1.1" 302 0
INFO 2024-11-19 11:32:26,034 "GET /session/list/ HTTP/1.1" 200 12129
INFO 2024-11-19 11:32:29,356 "GET /session/2/update/ HTTP/1.1" 200 9870
INFO 2024-11-19 11:32:47,633 "POST /session/2/update/ HTTP/1.1" 302 0
INFO 2024-11-19 11:32:47,675 "GET /session/list/ HTTP/1.1" 200 12129
INFO 2024-11-19 11:32:54,464 "GET /session/1/update/ HTTP/1.1" 200 9870
INFO 2024-11-19 11:33:09,686 "POST /session/1/update/ HTTP/1.1" 302 0
INFO 2024-11-19 11:33:09,726 "GET /session/list/ HTTP/1.1" 200 12129
INFO 2024-11-19 11:33:18,041 "GET /term/list/ HTTP/1.1" 200 11932
INFO 2024-11-19 11:33:22,278 "GET /subject/list/ HTTP/1.1" 200 11650
INFO 2024-11-19 11:33:25,145 "GET /class/list/ HTTP/1.1" 200 11676
INFO 2024-11-19 11:33:28,741 "GET /result/view/all HTTP/1.1" 200 8535
INFO 2024-11-19 11:33:30,605 "GET /result/edit-results/ HTTP/1.1" 200 9805
INFO 2024-11-19 11:33:32,885 "GET /result/create/ HTTP/1.1" 200 10774
INFO 2024-11-19 11:33:51,827 "POST /result/create/ HTTP/1.1" 200 10974
INFO 2024-11-19 11:34:02,654 "POST /result/create/ HTTP/1.1" 302 0
INFO 2024-11-19 11:34:02,786 "GET /result/edit-results/ HTTP/1.1" 200 12363
INFO 2024-11-19 11:34:31,621 "POST /result/edit-results/ HTTP/1.1" 302 0
INFO 2024-11-19 11:34:31,754 "GET /result/edit-results/ HTTP/1.1" 200 12509
INFO 2024-11-19 11:34:33,914 "GET /result/edit-results/ HTTP/1.1" 200 12366
INFO 2024-11-19 11:34:46,226 "GET /result/create/ HTTP/1.1" 200 10774
INFO 2024-11-19 11:35:02,636 "GET /result/create/ HTTP/1.1" 200 10774
INFO 2024-11-19 11:35:04,749 "GET /staff/list/ HTTP/1.1" 200 9388
INFO 2024-11-19 11:35:10,011 "GET /student/list HTTP/1.1" 200 9647
INFO 2024-11-19 11:49:51,769 "GET / HTTP/1.1" 200 8991
INFO 2024-11-19 11:49:52,903 "GET / HTTP/1.1" 200 8991
INFO 2024-11-19 11:49:56,685 "GET /static/dist/js/adminlte.js.map HTTP/1.1" 200 113276
WARNING 2024-11-19 11:49:56,689 "GET /static/plugins/Datatables/pdfmake.min.js.map HTTP/1.1" 404 1737
INFO 2024-11-19 11:49:56,691 "GET /static/plugins/toastr/toastr.js.map HTTP/1.1" 200 25633
INFO 2024-11-19 11:49:56,698 "GET /static/plugins/bootstrap/js/bootstrap.bundle.min.js.map HTTP/1.1" 200 318045
INFO 2024-11-19 11:49:57,032 "GET /static/dist/css/adminlte.min.css.map HTTP/1.1" 200 2149167
INFO 2024-11-19 11:50:04,966 "GET / HTTP/1.1" 200 8991
WARNING 2024-11-19 11:50:05,202 "GET /static/plugins/Datatables/pdfmake.min.js.map HTTP/1.1" 404 1737
INFO 2024-11-19 11:50:41,572 "GET / HTTP/1.1" 200 8991
WARNING 2024-11-19 11:50:41,802 "GET /static/plugins/Datatables/pdfmake.min.js.map HTTP/1.1" 404 1737
INFO 2024-11-19 11:50:45,446 "GET / HTTP/1.1" 200 8991
WARNING 2024-11-19 11:50:45,675 "GET /static/plugins/Datatables/pdfmake.min.js.map HTTP/1.1" 404 1737
INFO 2024-11-19 11:51:34,140 "GET / HTTP/1.1" 200 8991
WARNING 2024-11-19 11:51:34,365 "GET /static/plugins/Datatables/pdfmake.min.js.map HTTP/1.1" 404 1737
INFO 2024-11-19 11:55:37,099 "GET / HTTP/1.1" 200 8991
WARNING 2024-11-19 11:55:37,380 "GET /static/plugins/Datatables/pdfmake.min.js.map HTTP/1.1" 404 1737
INFO 2024-11-19 11:55:40,562 "GET / HTTP/1.1" 200 8991
WARNING 2024-11-19 11:55:40,795 "GET /static/plugins/Datatables/pdfmake.min.js.map HTTP/1.1" 404 1737
INFO 2024-11-19 12:07:04,275 "GET / HTTP/1.1" 200 8991
INFO 2024-11-19 12:07:04,288 "GET /static/plugins/fontawesome-free/css/all.min.css HTTP/1.1" 304 0
INFO 2024-11-19 12:07:04,290 "GET /static/plugins/toastr/toastr.min.css HTTP/1.1" 304 0
INFO 2024-11-19 12:07:04,290 "GET /static/plugins/overlayScrollbars/css/OverlayScrollbars.min.css HTTP/1.1" 304 0
INFO 2024-11-19 12:07:04,291 "GET /static/plugins/Datatables/datatables.min.css HTTP/1.1" 304 0
INFO 2024-11-19 12:07:04,292 "GET /static/dist/css/adminlte.min.css HTTP/1.1" 304 0
INFO 2024-11-19 12:07:04,292 "GET /static/plugins/jquery/jquery.min.js HTTP/1.1" 304 0
INFO 2024-11-19 12:07:04,294 "GET /static/dist/js/jquery.formset.js HTTP/1.1" 304 0
INFO 2024-11-19 12:07:04,295 "GET /static/plugins/bootstrap/js/bootstrap.bundle.min.js HTTP/1.1" 304 0
INFO 2024-11-19 12:07:04,297 "GET /static/plugins/toastr/toastr.min.js HTTP/1.1" 304 0
INFO 2024-11-19 12:07:04,298 "GET /static/plugins/overlayScrollbars/js/jquery.overlayScrollbars.min.js HTTP/1.1" 304 0
INFO 2024-11-19 12:07:04,300 "GET /static/dist/js/adminlte.js HTTP/1.1" 304 0
INFO 2024-11-19 12:07:04,303 "GET /static/dist/js/demo.js HTTP/1.1" 304 0
INFO 2024-11-19 12:07:04,305 "GET /static/plugins/Datatables/datatables.min.js HTTP/1.1" 304 0
INFO 2024-11-19 12:07:05,320 "GET / HTTP/1.1" 200 8991
INFO 2024-11-19 12:07:09,186 "GET / HTTP/1.1" 200 8991
INFO 2024-11-19 12:07:45,065 "GET / HTTP/1.1" 200 8991
INFO 2024-11-19 12:07:45,253 "GET /static/plugins/fontawesome-free/webfonts/fa-solid-900.woff2 HTTP/1.1" 304 0
INFO 2024-11-19 12:07:45,438 "GET /static/plugins/fontawesome-free/webfonts/fa-regular-400.woff2 HTTP/1.1" 304 0
INFO 2024-11-19 12:07:54,484 "GET / HTTP/1.1" 200 8991
WARNING 2024-11-19 12:15:41,190 Not Found: /admin/
WARNING 2024-11-19 12:15:41,190 "GET /admin/ HTTP/1.1" 404 5941
INFO 2024-11-19 12:16:25,826 "GET / HTTP/1.1" 200 8991
INFO 2024-11-19 12:16:25,854 "GET /static/plugins/fontawesome-free/webfonts/fa-solid-900.woff2 HTTP/1.1" 304 0
INFO 2024-11-19 12:16:25,854 "GET /static/plugins/fontawesome-free/webfonts/fa-regular-400.woff2 HTTP/1.1" 304 0
INFO 2024-11-19 12:16:26,468 "GET / HTTP/1.1" 200 8991
INFO 2024-11-19 12:16:26,779 "GET / HTTP/1.1" 200 8991
INFO 2024-11-19 12:16:27,103 "GET / HTTP/1.1" 200 8991
INFO 2024-11-19 12:16:27,515 "GET / HTTP/1.1" 200 8991
INFO 2024-11-19 12:16:32,125 "GET / HTTP/1.1" 200 8991
INFO 2024-11-19 12:16:32,803 "GET / HTTP/1.1" 200 8991
INFO 2024-11-19 12:28:21,099 "GET / HTTP/1.1" 200 8988
INFO 2024-11-19 12:28:22,738 "GET / HTTP/1.1" 200 8988
INFO 2024-11-19 12:28:27,813 "GET /student/list HTTP/1.1" 200 9644
INFO 2024-11-19 12:30:19,397 "GET / HTTP/1.1" 200 8988
INFO 2024-11-19 12:30:27,615 "GET /accounts/logout/ HTTP/1.1" 302 0
INFO 2024-11-19 12:30:27,622 "GET / HTTP/1.1" 302 0
INFO 2024-11-19 12:30:27,629 "GET /accounts/login/?next=/ HTTP/1.1" 200 3938
INFO 2024-11-19 12:30:27,643 "GET /static/dist/css/login-page.css HTTP/1.1" 304 0
INFO 2024-11-19 12:30:27,644 "GET /static/dist/img/login.png HTTP/1.1" 304 0
INFO 2024-11-19 12:32:15,577 "GET /accounts/login/?next=/ HTTP/1.1" 200 3935
INFO 2024-11-19 12:32:16,527 "GET /accounts/login/?next=/ HTTP/1.1" 200 3935
INFO 2024-11-19 12:45:28,356 Watching for file changes with StatReloader
INFO 2024-11-19 12:45:41,450 "GET / HTTP/1.1" 302 0
INFO 2024-11-19 12:45:41,487 "GET /accounts/login/?next=/ HTTP/1.1" 200 3935
INFO 2024-11-19 12:45:44,213 "GET /accounts/login/?next=/ HTTP/1.1" 200 3935
INFO 2024-11-19 12:45:45,537 "GET /accounts/login/?next=/ HTTP/1.1" 200 3935
INFO 2024-11-19 12:45:46,120 "GET /accounts/login/?next=/ HTTP/1.1" 200 3935
INFO 2024-11-19 12:45:46,665 "GET /accounts/login/?next=/ HTTP/1.1" 200 3935
INFO 2024-11-19 12:45:47,168 "GET /accounts/login/?next=/ HTTP/1.1" 200 3935
INFO 2024-11-19 12:46:05,226 "GET /accounts/login/?next=/ HTTP/1.1" 200 3935
INFO 2024-11-19 12:46:05,477 "GET /accounts/login/?next=/ HTTP/1.1" 200 3935
INFO 2024-11-19 12:46:05,645 "GET /accounts/login/?next=/ HTTP/1.1" 200 3935
INFO 2024-11-19 12:46:05,808 "GET /accounts/login/?next=/ HTTP/1.1" 200 3935
INFO 2024-11-19 12:46:05,964 "GET /accounts/login/?next=/ HTTP/1.1" 200 3935
INFO 2024-11-19 12:46:06,140 "GET /accounts/login/?next=/ HTTP/1.1" 200 3935
INFO 2024-11-19 12:46:06,298 "GET /accounts/login/?next=/ HTTP/1.1" 200 3935
INFO 2024-11-19 12:46:06,445 "GET /accounts/login/?next=/ HTTP/1.1" 200 3935
INFO 2024-11-19 12:46:06,674 "GET /accounts/login/?next=/ HTTP/1.1" 200 3935
INFO 2024-11-19 12:46:24,515 "GET /accounts/login/?next=/ HTTP/1.1" 200 3935
INFO 2024-11-19 12:46:25,404 "GET /accounts/login/?next=/ HTTP/1.1" 200 3935
INFO 2024-11-19 12:46:28,120 "GET /accounts/login/?next=/ HTTP/1.1" 200 3935
INFO 2024-11-19 12:48:58,113 "GET / HTTP/1.1" 302 0
INFO 2024-11-19 12:48:58,127 "GET /accounts/login/?next=/ HTTP/1.1" 200 3935
INFO 2024-11-19 12:49:00,733 "GET /accounts/login/?next=/ HTTP/1.1" 200 3935
INFO 2024-11-19 12:49:01,577 "GET /accounts/login/?next=/ HTTP/1.1" 200 3935
INFO 2024-11-19 12:49:01,994 "GET /accounts/login/?next=/ HTTP/1.1" 200 3935
INFO 2024-11-19 12:49:02,179 "GET /accounts/login/?next=/ HTTP/1.1" 200 3935
INFO 2024-11-19 12:49:02,350 "GET /accounts/login/?next=/ HTTP/1.1" 200 3935
INFO 2024-11-19 12:49:02,516 "GET /accounts/login/?next=/ HTTP/1.1" 200 3935
INFO 2024-11-19 12:49:02,690 "GET /accounts/login/?next=/ HTTP/1.1" 200 3935
INFO 2024-11-19 12:49:02,858 "GET /accounts/login/?next=/ HTTP/1.1" 200 3935
INFO 2024-11-19 12:49:03,013 "GET /accounts/login/?next=/ HTTP/1.1" 200 3935
INFO 2024-11-19 12:49:03,179 "GET /accounts/login/?next=/ HTTP/1.1" 200 3935
INFO 2024-11-19 12:49:03,331 "GET /accounts/login/?next=/ HTTP/1.1" 200 3935
INFO 2024-11-19 12:49:03,497 "GET /accounts/login/?next=/ HTTP/1.1" 200 3935
INFO 2024-11-19 12:49:03,725 "GET /accounts/login/?next=/ HTTP/1.1" 200 3935
INFO 2024-11-19 12:54:14,750 "GET /accounts/login/?next=/ HTTP/1.1" 200 3935
INFO 2024-11-19 12:54:16,032 "GET /accounts/login/?next=/ HTTP/1.1" 200 3935
INFO 2024-11-19 12:54:44,605 Watching for file changes with StatReloader
INFO 2024-11-19 12:54:49,239 "GET / HTTP/1.1" 302 0
INFO 2024-11-19 12:54:49,271 "GET /accounts/login/?next=/ HTTP/1.1" 200 3935
INFO 2024-11-19 12:55:28,232 "GET /accounts/login/?next=/ HTTP/1.1" 200 3935
INFO 2024-11-19 12:55:29,969 "GET /accounts/login/?next=/ HTTP/1.1" 200 3935
INFO 2024-11-19 13:05:12,375 Watching for file changes with StatReloader
INFO 2024-11-19 13:05:22,332 "GET / HTTP/1.1" 302 0
INFO 2024-11-19 13:05:22,388 "GET /accounts/login/?next=/ HTTP/1.1" 200 3935
INFO 2024-11-19 16:41:08,333 Watching for file changes with StatReloader
INFO 2024-11-19 16:41:18,293 "GET / HTTP/1.1" 302 0
INFO 2024-11-19 16:41:18,418 "GET /accounts/login/?next=/ HTTP/1.1" 200 3935
INFO 2024-11-19 16:41:18,432 "GET /static/plugins/fontawesome-free/css/all.min.css HTTP/1.1" 304 0
INFO 2024-11-19 16:41:18,440 "GET /static/plugins/toastr/toastr.min.css HTTP/1.1" 304 0
INFO 2024-11-19 16:41:18,442 "GET /static/plugins/overlayScrollbars/css/OverlayScrollbars.min.css HTTP/1.1" 304 0
INFO 2024-11-19 16:41:18,448 "GET /static/dist/css/adminlte.min.css HTTP/1.1" 304 0
INFO 2024-11-19 16:41:18,455 "GET /static/dist/css/login-page.css HTTP/1.1" 304 0
INFO 2024-11-19 16:41:18,458 "GET /static/plugins/jquery/jquery.min.js HTTP/1.1" 304 0
INFO 2024-11-19 16:41:18,493 "GET /static/dist/js/jquery.formset.js HTTP/1.1" 304 0
INFO 2024-11-19 16:41:18,503 "GET /static/plugins/bootstrap/js/bootstrap.bundle.min.js HTTP/1.1" 304 0
INFO 2024-11-19 16:41:18,521 "GET /static/plugins/toastr/toastr.min.js HTTP/1.1" 304 0
INFO 2024-11-19 16:41:18,525 "GET /static/plugins/overlayScrollbars/js/jquery.overlayScrollbars.min.js HTTP/1.1" 304 0
INFO 2024-11-19 16:41:18,534 "GET /static/dist/js/adminlte.js HTTP/1.1" 304 0
INFO 2024-11-19 16:41:18,534 "GET /static/dist/js/demo.js HTTP/1.1" 304 0
INFO 2024-11-19 16:41:18,610 "GET /static/dist/img/login.png HTTP/1.1" 200 975593
INFO 2024-11-19 16:41:18,652 "GET /static/plugins/fontawesome-free/webfonts/fa-solid-900.woff2 HTTP/1.1" 304 0
WARNING 2024-11-19 16:41:18,925 Not Found: /favicon.ico
WARNING 2024-11-19 16:41:18,932 "GET /favicon.ico HTTP/1.1" 404 5956
INFO 2024-11-19 16:41:39,203 "POST /accounts/login/ HTTP/1.1" 302 0
INFO 2024-11-19 16:41:39,241 "GET / HTTP/1.1" 200 8988
INFO 2024-11-19 16:41:39,257 "GET /static/plugins/Datatables/datatables.min.css HTTP/1.1" 304 0
INFO 2024-11-19 16:41:39,257 "GET /static/plugins/Datatables/datatables.min.js HTTP/1.1" 304 0
INFO 2024-11-19 16:41:39,303 "GET /static/plugins/fontawesome-free/webfonts/fa-regular-400.woff2 HTTP/1.1" 304 0
INFO 2024-11-19 16:41:55,192 "GET /student/list HTTP/1.1" 200 9644
INFO 2024-11-19 16:42:03,805 "GET /student/create/ HTTP/1.1" 200 13389
INFO 2024-11-19 16:43:47,313 "POST /student/create/ HTTP/1.1" 200 13644
INFO 2024-11-19 16:44:35,144 "POST /student/create/ HTTP/1.1" 302 0
ERROR 2024-11-19 16:44:35,262 Internal Server Error: /student/5/
Traceback (most recent call last):
  File "C:\Users\HP\AppData\Local\Programs\Python\Python312\Lib\site-packages\django\core\handlers\exception.py", line 34, in inner
    response = get_response(request)
               ^^^^^^^^^^^^^^^^^^^^^
  File "C:\Users\HP\AppData\Local\Programs\Python\Python312\Lib\site-packages\django\core\handlers\base.py", line 115, in _get_response
    response = self.process_exception_by_middleware(e, request)
               ^^^^^^^^^^^^^^^^^^^^^^^^^^^^^^^^^^^^^^^^^^^^^^^^
  File "C:\Users\HP\AppData\Local\Programs\Python\Python312\Lib\site-packages\django\core\handlers\base.py", line 113, in _get_response
    response = wrapped_callback(request, *callback_args, **callback_kwargs)
               ^^^^^^^^^^^^^^^^^^^^^^^^^^^^^^^^^^^^^^^^^^^^^^^^^^^^^^^^^^^^
  File "C:\Users\HP\AppData\Local\Programs\Python\Python312\Lib\site-packages\django\views\generic\base.py", line 71, in view
    return self.dispatch(request, *args, **kwargs)
           ^^^^^^^^^^^^^^^^^^^^^^^^^^^^^^^^^^^^^^^
  File "C:\Users\HP\AppData\Local\Programs\Python\Python312\Lib\site-packages\django\contrib\auth\mixins.py", line 52, in dispatch
    return super().dispatch(request, *args, **kwargs)
           ^^^^^^^^^^^^^^^^^^^^^^^^^^^^^^^^^^^^^^^^^^
  File "C:\Users\HP\AppData\Local\Programs\Python\Python312\Lib\site-packages\django\views\generic\base.py", line 97, in dispatch
    return handler(request, *args, **kwargs)
           ^^^^^^^^^^^^^^^^^^^^^^^^^^^^^^^^^
  File "C:\Users\HP\AppData\Local\Programs\Python\Python312\Lib\site-packages\django\views\generic\detail.py", line 107, in get
    context = self.get_context_data(object=self.object)
              ^^^^^^^^^^^^^^^^^^^^^^^^^^^^^^^^^^^^^^^^^
  File "D:\pp\workspace\College-Management-System\apps\students\views.py", line 25, in get_context_data
    context["payments"] = Invoice.objects.filter(student=self.object)
                          ^^^^^^^
NameError: name 'Invoice' is not defined
ERROR 2024-11-19 16:44:35,267 "GET /student/5/ HTTP/1.1" 500 88891
INFO 2024-11-19 16:49:22,218 D:\pp\workspace\College-Management-System\apps\students\views.py changed, reloading.
INFO 2024-11-19 16:49:23,157 Watching for file changes with StatReloader
INFO 2024-11-19 16:49:30,669 "GET /student/5/ HTTP/1.1" 200 10840
INFO 2024-11-19 16:49:30,801 "GET /static/dist/img/avatar.png HTTP/1.1" 200 8543
INFO 2024-11-19 16:49:53,656 "GET /student/5/ HTTP/1.1" 200 10694
INFO 2024-11-19 16:50:10,085 "POST /student/create/ HTTP/1.1" 200 13552
INFO 2024-11-19 16:50:23,485 "POST /student/create/ HTTP/1.1" 302 0
INFO 2024-11-19 16:50:23,526 "GET /student/6/ HTTP/1.1" 200 10853
INFO 2024-11-19 16:50:23,572 "GET /media/students/passports/pravin_pic.jpg HTTP/1.1" 200 176751
INFO 2024-11-19 16:52:06,729 "GET /student/6/update/ HTTP/1.1" 200 13664
INFO 2024-11-19 16:52:25,084 "POST /student/6/update/ HTTP/1.1" 302 0
INFO 2024-11-19 16:52:25,120 "GET /student/6/ HTTP/1.1" 200 10837
INFO 2024-11-19 16:52:34,856 "GET /student/delete/6/ HTTP/1.1" 200 9297
INFO 2024-11-19 16:52:37,510 "POST /student/delete/6/ HTTP/1.1" 302 0
INFO 2024-11-19 16:52:37,548 "GET /student/list HTTP/1.1" 200 9644
INFO 2024-11-19 16:53:00,823 "GET /student/upload/ HTTP/1.1" 200 9699
INFO 2024-11-19 16:53:23,795 "GET /staff/list/ HTTP/1.1" 200 9385
INFO 2024-11-19 16:53:27,068 "GET /staff/create/ HTTP/1.1" 200 12298
INFO 2024-11-19 16:54:08,620 "POST /staff/create/ HTTP/1.1" 302 0
INFO 2024-11-19 16:54:08,660 "GET /staff/1/ HTTP/1.1" 200 10513
INFO 2024-11-19 16:54:15,448 "GET /staff/1/delete/ HTTP/1.1" 200 9285
INFO 2024-11-19 16:54:17,879 "POST /staff/1/delete/ HTTP/1.1" 302 0
INFO 2024-11-19 16:54:17,913 "GET /staff/list/ HTTP/1.1" 200 9385
INFO 2024-11-19 16:54:41,377 "GET /session/list/ HTTP/1.1" 200 11982
INFO 2024-11-19 16:54:45,418 "GET /term/list/ HTTP/1.1" 200 11929
INFO 2024-11-19 16:55:02,025 "POST /term/create/ HTTP/1.1" 302 0
INFO 2024-11-19 16:55:02,066 "GET /term/list/ HTTP/1.1" 200 12407
INFO 2024-11-19 16:55:14,917 "GET /result/view/all HTTP/1.1" 200 8532
INFO 2024-11-19 16:55:16,559 "GET /result/view/all HTTP/1.1" 200 8532
INFO 2024-11-19 16:55:17,758 "GET /result/edit-results/ HTTP/1.1" 200 9802
INFO 2024-11-19 16:55:24,080 "POST /result/edit-results/ HTTP/1.1" 302 0
INFO 2024-11-19 16:55:24,129 "GET /result/edit-results/ HTTP/1.1" 200 9945
INFO 2024-11-19 16:55:29,607 "GET /result/create/ HTTP/1.1" 200 10949
INFO 2024-11-19 16:55:49,469 "POST /result/create/ HTTP/1.1" 200 11093
INFO 2024-11-19 16:55:51,859 "POST /result/create/ HTTP/1.1" 200 11093
INFO 2024-11-19 16:56:03,659 "GET /student/list HTTP/1.1" 200 9644
INFO 2024-11-19 16:56:12,746 "GET / HTTP/1.1" 200 8988
INFO 2024-11-20 23:36:00,540 Watching for file changes with StatReloader
INFO 2024-11-20 23:37:51,535 "GET / HTTP/1.1" 302 0
INFO 2024-11-20 23:37:51,877 "GET /accounts/login/?next=/ HTTP/1.1" 200 3935
INFO 2024-11-20 23:37:52,206 "GET /static/plugins/fontawesome-free/css/all.min.css HTTP/1.1" 304 0
INFO 2024-11-20 23:37:52,212 "GET /static/plugins/toastr/toastr.min.css HTTP/1.1" 304 0
INFO 2024-11-20 23:37:52,219 "GET /static/dist/css/adminlte.min.css HTTP/1.1" 304 0
INFO 2024-11-20 23:37:52,219 "GET /static/dist/css/login-page.css HTTP/1.1" 304 0
INFO 2024-11-20 23:37:52,219 "GET /static/plugins/jquery/jquery.min.js HTTP/1.1" 304 0
INFO 2024-11-20 23:37:52,219 "GET /static/plugins/overlayScrollbars/css/OverlayScrollbars.min.css HTTP/1.1" 304 0
INFO 2024-11-20 23:37:52,219 "GET /static/dist/img/login.png HTTP/1.1" 304 0
INFO 2024-11-20 23:37:52,226 "GET /static/dist/js/jquery.formset.js HTTP/1.1" 304 0
INFO 2024-11-20 23:37:52,232 "GET /static/plugins/bootstrap/js/bootstrap.bundle.min.js HTTP/1.1" 304 0
INFO 2024-11-20 23:37:52,233 "GET /static/dist/js/adminlte.js HTTP/1.1" 304 0
INFO 2024-11-20 23:37:52,233 "GET /static/plugins/toastr/toastr.min.js HTTP/1.1" 304 0
INFO 2024-11-20 23:37:52,233 "GET /static/plugins/overlayScrollbars/js/jquery.overlayScrollbars.min.js HTTP/1.1" 304 0
INFO 2024-11-20 23:37:52,237 "GET /static/dist/js/demo.js HTTP/1.1" 304 0
INFO 2024-11-20 23:37:52,286 "GET /static/plugins/fontawesome-free/webfonts/fa-solid-900.woff2 HTTP/1.1" 304 0
WARNING 2024-11-20 23:37:52,413 Not Found: /favicon.ico
WARNING 2024-11-20 23:37:52,413 "GET /favicon.ico HTTP/1.1" 404 5956
INFO 2024-11-20 23:38:12,364 "POST /accounts/login/ HTTP/1.1" 302 0
INFO 2024-11-20 23:38:12,432 "GET / HTTP/1.1" 200 8988
INFO 2024-11-20 23:38:12,451 "GET /static/plugins/Datatables/datatables.min.css HTTP/1.1" 304 0
INFO 2024-11-20 23:38:12,451 "GET /static/plugins/Datatables/datatables.min.js HTTP/1.1" 304 0
INFO 2024-11-20 23:38:12,491 "GET /static/plugins/fontawesome-free/webfonts/fa-regular-400.woff2 HTTP/1.1" 304 0
INFO 2024-11-20 23:38:24,521 "GET / HTTP/1.1" 200 8988
INFO 2024-11-20 23:38:30,697 "GET / HTTP/1.1" 200 8988
INFO 2024-11-20 23:38:35,155 "GET / HTTP/1.1" 200 8988
INFO 2024-11-20 23:38:38,973 "GET / HTTP/1.1" 200 8988
INFO 2024-11-20 23:39:17,021 "GET /student/list HTTP/1.1" 200 9644
INFO 2024-11-20 23:39:40,047 "GET /student/create/ HTTP/1.1" 200 13389
INFO 2024-11-20 23:40:27,113 "POST /student/create/ HTTP/1.1" 302 0
INFO 2024-11-20 23:40:27,162 "GET /student/7/ HTTP/1.1" 200 10850
INFO 2024-11-20 23:40:27,381 "GET /media/students/passports/IMG_20231128_143520.jpg HTTP/1.1" 200 6820583
INFO 2024-11-20 23:40:59,269 "GET /student/7/update/ HTTP/1.1" 200 13654
INFO 2024-11-20 23:41:22,204 "POST /student/7/update/ HTTP/1.1" 302 0
INFO 2024-11-20 23:41:22,238 "GET /student/7/ HTTP/1.1" 200 10863
INFO 2024-11-20 23:41:22,272 "GET /media/students/passports/IMG_20231128_143520.jpg HTTP/1.1" 304 0
INFO 2024-11-20 23:41:43,871 "GET /student/delete/7/ HTTP/1.1" 200 9299
INFO 2024-11-20 23:41:53,141 "POST /student/delete/7/ HTTP/1.1" 302 0
INFO 2024-11-20 23:41:53,171 "GET /student/list HTTP/1.1" 200 9644
INFO 2024-11-20 23:42:00,455 "GET /staff/list/ HTTP/1.1" 200 9385
INFO 2024-11-20 23:42:09,123 "GET /staff/create/ HTTP/1.1" 200 12298
INFO 2024-11-20 23:42:17,746 "GET /result/create/ HTTP/1.1" 200 10949
INFO 2024-11-20 23:42:27,620 "GET /student/list HTTP/1.1" 200 9644
INFO 2024-11-20 23:42:32,021 "GET /result/create/ HTTP/1.1" 200 10949
INFO 2024-11-20 23:42:49,141 "POST /result/create/ HTTP/1.1" 200 11093
INFO 2024-11-20 23:43:01,105 "POST /result/create/ HTTP/1.1" 200 11010
INFO 2024-11-20 23:43:12,336 "POST /result/create/ HTTP/1.1" 302 0
INFO 2024-11-20 23:43:12,439 "GET /result/edit-results/ HTTP/1.1" 200 11088
INFO 2024-11-20 23:43:23,988 "POST /result/edit-results/ HTTP/1.1" 302 0
INFO 2024-11-20 23:43:24,088 "GET /result/edit-results/ HTTP/1.1" 200 11231
INFO 2024-11-20 23:43:53,138 "GET /session/list/ HTTP/1.1" 200 11982
INFO 2024-11-20 23:44:00,488 "GET /term/list/ HTTP/1.1" 200 12265
INFO 2024-11-20 23:44:05,555 "GET /subject/list/ HTTP/1.1" 200 11647
INFO 2024-11-20 23:44:13,988 "GET /class/list/ HTTP/1.1" 200 11673
INFO 2024-11-20 23:44:19,638 "GET /site-config HTTP/1.1" 200 10563
INFO 2024-11-20 23:44:55,487 "GET /accounts/logout/ HTTP/1.1" 302 0
INFO 2024-11-20 23:44:55,503 "GET / HTTP/1.1" 302 0
INFO 2024-11-20 23:44:55,538 "GET /accounts/login/?next=/ HTTP/1.1" 200 3935
INFO 2024-11-20 23:48:54,425 "POST /accounts/login/ HTTP/1.1" 302 0
INFO 2024-11-20 23:48:54,489 "GET / HTTP/1.1" 200 8988
INFO 2024-11-20 23:48:59,722 "GET /site-config HTTP/1.1" 200 10563
INFO 2024-11-20 23:51:50,724 "POST /site-config HTTP/1.1" 200 10577
INFO 2024-11-20 23:51:54,640 "POST /site-config HTTP/1.1" 200 10577
INFO 2024-11-20 23:51:59,423 "POST /site-config HTTP/1.1" 200 10577
INFO 2024-11-20 23:52:01,750 "GET /result/view/all HTTP/1.1" 200 9731
INFO 2024-11-20 23:52:05,240 "GET /result/view/all HTTP/1.1" 200 9731
INFO 2024-11-20 23:52:08,472 "GET /result/edit-results/ HTTP/1.1" 200 11088
INFO 2024-11-20 23:52:11,507 "GET /result/create/ HTTP/1.1" 200 10949
INFO 2024-11-20 23:52:14,360 "GET /site-config HTTP/1.1" 200 10563
INFO 2024-11-20 23:52:16,183 "GET /site-config HTTP/1.1" 200 10563
INFO 2024-11-20 23:52:20,906 "GET /staff/list/ HTTP/1.1" 200 9385
INFO 2024-11-20 23:52:29,152 "GET / HTTP/1.1" 200 8988
INFO 2024-11-20 23:56:36,926 "GET /static/plugins/bootstrap/js/bootstrap.bundle.min.js.map HTTP/1.1" 304 0
INFO 2024-11-20 23:56:36,926 "GET /static/plugins/toastr/toastr.js.map HTTP/1.1" 304 0
INFO 2024-11-20 23:56:36,934 "GET /static/dist/js/adminlte.js.map HTTP/1.1" 304 0
WARNING 2024-11-20 23:56:36,956 "GET /static/plugins/Datatables/pdfmake.min.js.map HTTP/1.1" 404 1737
INFO 2024-11-20 23:56:37,241 "GET /static/dist/css/adminlte.min.css.map HTTP/1.1" 304 0
INFO 2024-11-20 23:56:50,350 "GET / HTTP/1.1" 200 8988
WARNING 2024-11-20 23:56:50,678 "GET /static/plugins/Datatables/pdfmake.min.js.map HTTP/1.1" 404 1737
INFO 2024-11-23 08:41:17,841 Watching for file changes with StatReloader
INFO 2024-11-23 08:41:25,649 "GET / HTTP/1.1" 302 0
INFO 2024-11-23 08:41:25,897 "GET /accounts/login/?next=/ HTTP/1.1" 200 3935
INFO 2024-11-23 08:41:25,914 "GET /static/plugins/fontawesome-free/css/all.min.css HTTP/1.1" 304 0
INFO 2024-11-23 08:41:25,914 "GET /static/plugins/overlayScrollbars/css/OverlayScrollbars.min.css HTTP/1.1" 304 0
INFO 2024-11-23 08:41:25,914 "GET /static/plugins/toastr/toastr.min.css HTTP/1.1" 304 0
INFO 2024-11-23 08:41:25,925 "GET /static/dist/css/adminlte.min.css HTTP/1.1" 304 0
INFO 2024-11-23 08:41:25,925 "GET /static/dist/css/login-page.css HTTP/1.1" 304 0
INFO 2024-11-23 08:41:25,939 "GET /static/plugins/jquery/jquery.min.js HTTP/1.1" 304 0
INFO 2024-11-23 08:41:25,939 "GET /static/dist/img/login.png HTTP/1.1" 304 0
INFO 2024-11-23 08:41:25,944 "GET /static/dist/js/jquery.formset.js HTTP/1.1" 304 0
INFO 2024-11-23 08:41:25,974 "GET /static/plugins/toastr/toastr.min.js HTTP/1.1" 304 0
INFO 2024-11-23 08:41:25,974 "GET /static/plugins/bootstrap/js/bootstrap.bundle.min.js HTTP/1.1" 304 0
INFO 2024-11-23 08:41:25,980 "GET /static/plugins/overlayScrollbars/js/jquery.overlayScrollbars.min.js HTTP/1.1" 304 0
INFO 2024-11-23 08:41:25,998 "GET /static/dist/js/adminlte.js HTTP/1.1" 304 0
INFO 2024-11-23 08:41:25,998 "GET /static/dist/js/demo.js HTTP/1.1" 304 0
INFO 2024-11-23 08:41:26,245 "GET /static/plugins/fontawesome-free/webfonts/fa-solid-900.woff2 HTTP/1.1" 304 0
WARNING 2024-11-23 08:41:27,356 Not Found: /favicon.ico
WARNING 2024-11-23 08:41:27,356 "GET /favicon.ico HTTP/1.1" 404 5956
INFO 2024-11-23 08:43:02,397 "POST /accounts/login/ HTTP/1.1" 302 0
INFO 2024-11-23 08:43:02,470 "GET / HTTP/1.1" 200 8988
INFO 2024-11-23 08:43:02,486 "GET /static/plugins/Datatables/datatables.min.js HTTP/1.1" 304 0
INFO 2024-11-23 08:43:02,486 "GET /static/plugins/Datatables/datatables.min.css HTTP/1.1" 304 0
INFO 2024-11-23 08:43:02,528 "GET /static/plugins/fontawesome-free/webfonts/fa-regular-400.woff2 HTTP/1.1" 304 0
INFO 2024-11-23 08:43:58,497 "GET /student/list HTTP/1.1" 200 9644
INFO 2024-11-23 08:44:03,299 "GET /student/create/ HTTP/1.1" 200 13389
INFO 2024-11-23 08:45:49,834 "POST /student/create/ HTTP/1.1" 200 13551
INFO 2024-11-23 08:46:13,658 "POST /student/create/ HTTP/1.1" 302 0
INFO 2024-11-23 08:46:13,711 "GET /student/8/ HTTP/1.1" 200 10843
INFO 2024-11-23 08:46:13,727 "GET /static/dist/img/avatar.png HTTP/1.1" 304 0
INFO 2024-11-23 08:46:28,854 "GET /student/8/update/ HTTP/1.1" 200 13434
INFO 2024-11-23 08:46:41,151 "POST /student/8/update/ HTTP/1.1" 302 0
INFO 2024-11-23 08:46:41,184 "GET /student/8/ HTTP/1.1" 200 10861
INFO 2024-11-23 08:46:41,339 "GET /media/students/passports/pravin_pic_AmMT9S5.jpg HTTP/1.1" 200 176751
INFO 2024-11-23 08:46:59,854 "GET /staff/list/ HTTP/1.1" 200 9385
INFO 2024-11-23 08:47:03,609 "GET /staff/create/ HTTP/1.1" 200 12298
INFO 2024-11-23 08:48:40,094 "POST /staff/create/ HTTP/1.1" 302 0
INFO 2024-11-23 08:48:40,141 "GET /staff/2/ HTTP/1.1" 200 10515
INFO 2024-11-23 08:48:50,694 "GET /staff/list/ HTTP/1.1" 200 9594
INFO 2024-11-23 08:48:53,104 "GET /staff/create/ HTTP/1.1" 200 12298
INFO 2024-11-23 08:48:56,964 "GET /student/list HTTP/1.1" 200 9644
INFO 2024-11-23 08:49:01,114 "GET /staff/list/ HTTP/1.1" 200 9594
INFO 2024-11-23 08:49:15,164 "GET /result/edit-results/ HTTP/1.1" 200 11088
INFO 2024-11-23 08:49:17,344 "GET /result/create/ HTTP/1.1" 200 11123
INFO 2024-11-23 08:49:20,097 "GET /result/view/all HTTP/1.1" 200 9731
INFO 2024-11-23 08:49:22,384 "GET /result/edit-results/ HTTP/1.1" 200 11088
INFO 2024-11-23 08:49:29,841 "GET /result/create/ HTTP/1.1" 200 11123
INFO 2024-11-23 08:49:40,538 "POST /result/create/ HTTP/1.1" 200 11010
INFO 2024-11-23 08:50:04,674 "POST /result/create/ HTTP/1.1" 302 0
INFO 2024-11-23 08:50:04,754 "GET /result/edit-results/ HTTP/1.1" 200 11088
INFO 2024-11-23 08:51:04,554 "POST /result/edit-results/ HTTP/1.1" 302 0
INFO 2024-11-23 08:51:04,637 "GET /result/edit-results/ HTTP/1.1" 200 11241
INFO 2024-11-23 08:51:10,460 "GET /result/edit-results/ HTTP/1.1" 200 11098
INFO 2024-11-23 08:51:22,415 "GET /result/create/ HTTP/1.1" 200 11123
INFO 2024-11-23 08:51:43,366 "POST /result/create/ HTTP/1.1" 200 11010
INFO 2024-11-23 08:51:54,305 "POST /result/create/ HTTP/1.1" 302 0
INFO 2024-11-23 08:51:54,414 "GET /result/edit-results/ HTTP/1.1" 200 12375
INFO 2024-11-23 08:52:11,534 "GET /result/view/all HTTP/1.1" 200 10948
INFO 2024-11-23 08:52:28,874 "GET /session/list/ HTTP/1.1" 200 11982
INFO 2024-11-23 08:52:36,557 "GET /term/list/ HTTP/1.1" 200 12265
INFO 2024-11-23 08:52:43,504 "GET /subject/list/ HTTP/1.1" 200 11647
INFO 2024-11-23 08:52:50,875 "GET /class/list/ HTTP/1.1" 200 11673
INFO 2024-11-23 08:53:02,903 "GET / HTTP/1.1" 200 8988
INFO 2024-11-23 08:53:05,699 "GET /current-session/ HTTP/1.1" 200 10335
INFO 2024-11-23 08:53:09,017 "GET /current-session/ HTTP/1.1" 200 10335
INFO 2024-11-23 08:53:14,764 "GET /accounts/logout/ HTTP/1.1" 302 0
INFO 2024-11-23 08:53:14,774 "GET / HTTP/1.1" 302 0
INFO 2024-11-23 08:53:14,784 "GET /accounts/login/?next=/ HTTP/1.1" 200 3935
INFO 2024-11-23 11:18:35,454 D:\pp\workspace\College-Management-System\school_app\settings.py changed, reloading.
INFO 2024-11-23 11:18:36,941 Watching for file changes with StatReloader
INFO 2024-11-23 11:19:25,143 Watching for file changes with StatReloader
INFO 2024-11-23 11:20:10,018 Watching for file changes with StatReloader
INFO 2024-11-23 11:20:33,848 "POST /accounts/login/ HTTP/1.1" 302 0
INFO 2024-11-23 11:20:33,908 "GET / HTTP/1.1" 200 8988
WARNING 2024-11-23 11:20:40,323 Not Found: /admin/
WARNING 2024-11-23 11:20:40,323 "GET /admin/ HTTP/1.1" 404 5941
WARNING 2024-11-23 11:20:41,569 Not Found: /admin/
WARNING 2024-11-23 11:20:41,571 "GET /admin/ HTTP/1.1" 404 5941
INFO 2024-11-23 11:21:00,224 "GET /accounts/login/?next=/ HTTP/1.1" 200 4022
WARNING 2024-11-23 11:21:10,999 Not Found: /admin/
WARNING 2024-11-23 11:21:11,000 "GET /admin/ HTTP/1.1" 404 5941
WARNING 2024-11-23 11:21:12,032 Not Found: /admin/
WARNING 2024-11-23 11:21:12,033 "GET /admin/ HTTP/1.1" 404 5941
INFO 2024-11-23 16:35:51,689 Watching for file changes with StatReloader
INFO 2024-11-23 22:17:54,278 Watching for file changes with StatReloader
INFO 2024-11-23 22:18:28,305 "GET / HTTP/1.1" 302 0
INFO 2024-11-23 22:18:28,445 "GET /accounts/login/?next=/ HTTP/1.1" 200 3935
INFO 2024-11-23 22:18:28,459 "GET /static/plugins/fontawesome-free/css/all.min.css HTTP/1.1" 304 0
INFO 2024-11-23 22:18:28,461 "GET /static/plugins/toastr/toastr.min.css HTTP/1.1" 304 0
INFO 2024-11-23 22:18:28,463 "GET /static/plugins/overlayScrollbars/css/OverlayScrollbars.min.css HTTP/1.1" 304 0
INFO 2024-11-23 22:18:28,468 "GET /static/dist/css/adminlte.min.css HTTP/1.1" 304 0
INFO 2024-11-23 22:18:28,475 "GET /static/dist/css/login-page.css HTTP/1.1" 304 0
INFO 2024-11-23 22:18:28,479 "GET /static/plugins/jquery/jquery.min.js HTTP/1.1" 304 0
INFO 2024-11-23 22:18:28,481 "GET /static/dist/img/login.png HTTP/1.1" 304 0
INFO 2024-11-23 22:18:28,483 "GET /static/dist/js/jquery.formset.js HTTP/1.1" 304 0
INFO 2024-11-23 22:18:28,508 "GET /static/plugins/bootstrap/js/bootstrap.bundle.min.js HTTP/1.1" 304 0
INFO 2024-11-23 22:18:28,508 "GET /static/plugins/toastr/toastr.min.js HTTP/1.1" 304 0
INFO 2024-11-23 22:18:28,508 "GET /static/plugins/overlayScrollbars/js/jquery.overlayScrollbars.min.js HTTP/1.1" 304 0
INFO 2024-11-23 22:18:28,534 "GET /static/dist/js/adminlte.js HTTP/1.1" 304 0
INFO 2024-11-23 22:18:28,534 "GET /static/dist/js/demo.js HTTP/1.1" 304 0
INFO 2024-11-23 22:18:28,633 "GET /static/plugins/fontawesome-free/webfonts/fa-solid-900.woff2 HTTP/1.1" 304 0
INFO 2024-11-23 22:19:04,706 "POST /accounts/login/ HTTP/1.1" 302 0
INFO 2024-11-23 22:19:04,792 "GET / HTTP/1.1" 200 8988
INFO 2024-11-23 22:19:04,815 "GET /static/plugins/Datatables/datatables.min.css HTTP/1.1" 304 0
INFO 2024-11-23 22:19:04,815 "GET /static/plugins/Datatables/datatables.min.js HTTP/1.1" 304 0
INFO 2024-11-23 22:19:04,875 "GET /static/plugins/fontawesome-free/webfonts/fa-regular-400.woff2 HTTP/1.1" 304 0
INFO 2024-11-23 22:44:06,136 "GET /accounts/logout/ HTTP/1.1" 302 0
INFO 2024-11-23 22:44:06,148 "GET / HTTP/1.1" 302 0
INFO 2024-11-23 22:44:06,165 "GET /accounts/login/?next=/ HTTP/1.1" 200 3935
INFO 2024-11-23 22:44:35,713 "POST /accounts/login/ HTTP/1.1" 200 4060
INFO 2024-11-23 22:44:56,775 "POST /accounts/login/ HTTP/1.1" 200 4060
INFO 2024-11-23 22:45:23,237 "POST /accounts/login/ HTTP/1.1" 302 0
INFO 2024-11-23 22:45:23,273 "GET / HTTP/1.1" 200 8988
WARNING 2024-11-23 22:49:38,531 Not Found: /admin/
WARNING 2024-11-23 22:49:38,531 "GET /admin/ HTTP/1.1" 404 5941
WARNING 2024-11-23 22:49:39,956 Not Found: /admin/
WARNING 2024-11-23 22:49:39,956 "GET /admin/ HTTP/1.1" 404 5941
INFO 2024-11-23 22:50:28,583 "GET /student/list HTTP/1.1" 200 9644
INFO 2024-11-23 23:03:23,604 "GET /student/list HTTP/1.1" 200 9644
INFO 2024-11-23 23:07:56,461 "GET /staff/list/ HTTP/1.1" 200 9594
INFO 2024-11-23 23:12:50,992 "GET /result/create/ HTTP/1.1" 200 11123
INFO 2024-11-23 23:13:06,128 "GET /staff/create/ HTTP/1.1" 200 12298
INFO 2024-11-23 23:13:11,867 "GET / HTTP/1.1" 200 8988
INFO 2024-11-23 23:57:29,002 "GET /site-config HTTP/1.1" 200 10563
INFO 2024-11-23 23:57:37,994 "GET /staff/list/ HTTP/1.1" 200 9594
INFO 2024-11-23 23:57:40,935 "GET /staff/create/ HTTP/1.1" 200 12298
INFO 2024-11-27 09:45:55,107 Watching for file changes with StatReloader
INFO 2024-11-27 09:46:01,379 "GET / HTTP/1.1" 302 0
INFO 2024-11-27 09:46:01,471 "GET /accounts/login/?next=/ HTTP/1.1" 200 3935
INFO 2024-11-27 09:46:01,505 "GET /static/plugins/fontawesome-free/css/all.min.css HTTP/1.1" 304 0
INFO 2024-11-27 09:46:01,517 "GET /static/plugins/toastr/toastr.min.css HTTP/1.1" 304 0
INFO 2024-11-27 09:46:01,521 "GET /static/plugins/overlayScrollbars/css/OverlayScrollbars.min.css HTTP/1.1" 304 0
INFO 2024-11-27 09:46:01,526 "GET /static/dist/css/adminlte.min.css HTTP/1.1" 304 0
INFO 2024-11-27 09:46:01,526 "GET /static/dist/css/login-page.css HTTP/1.1" 304 0
INFO 2024-11-27 09:46:01,526 "GET /static/dist/img/login.png HTTP/1.1" 304 0
INFO 2024-11-27 09:46:01,526 "GET /static/plugins/jquery/jquery.min.js HTTP/1.1" 304 0
INFO 2024-11-27 09:46:01,535 "GET /static/dist/js/jquery.formset.js HTTP/1.1" 304 0
INFO 2024-11-27 09:46:01,537 "GET /static/plugins/bootstrap/js/bootstrap.bundle.min.js HTTP/1.1" 304 0
INFO 2024-11-27 09:46:01,537 "GET /static/plugins/toastr/toastr.min.js HTTP/1.1" 304 0
INFO 2024-11-27 09:46:01,537 "GET /static/plugins/overlayScrollbars/js/jquery.overlayScrollbars.min.js HTTP/1.1" 304 0
INFO 2024-11-27 09:46:01,537 "GET /static/dist/js/adminlte.js HTTP/1.1" 304 0
INFO 2024-11-27 09:46:01,537 "GET /static/dist/js/demo.js HTTP/1.1" 304 0
INFO 2024-11-27 09:46:01,582 "GET /static/plugins/fontawesome-free/webfonts/fa-solid-900.woff2 HTTP/1.1" 304 0
WARNING 2024-11-27 09:46:01,812 Not Found: /favicon.ico
WARNING 2024-11-27 09:46:01,812 "GET /favicon.ico HTTP/1.1" 404 5956
INFO 2024-11-27 09:46:10,287 "POST /accounts/login/ HTTP/1.1" 302 0
INFO 2024-11-27 09:46:10,358 "GET / HTTP/1.1" 200 8988
INFO 2024-11-27 09:46:10,374 "GET /static/plugins/Datatables/datatables.min.css HTTP/1.1" 304 0
INFO 2024-11-27 09:46:10,381 "GET /static/plugins/Datatables/datatables.min.js HTTP/1.1" 304 0
INFO 2024-11-27 09:46:10,419 "GET /static/plugins/fontawesome-free/webfonts/fa-regular-400.woff2 HTTP/1.1" 304 0
INFO 2024-11-27 09:46:30,272 "GET /term/list/ HTTP/1.1" 200 12265
INFO 2024-11-27 09:49:24,939 "GET /student/list HTTP/1.1" 200 9644
INFO 2024-11-27 09:49:34,972 "GET /student/create/ HTTP/1.1" 200 13389
INFO 2024-11-27 10:06:08,947 "GET / HTTP/1.1" 200 8988
INFO 2024-11-27 10:06:17,143 "GET /student/list HTTP/1.1" 200 9644
INFO 2024-11-27 10:07:05,380 "GET /result/view/all HTTP/1.1" 200 10948
INFO 2024-11-27 10:07:07,288 "GET /result/edit-results/ HTTP/1.1" 200 12375
INFO 2024-11-27 10:07:41,396 "GET /staff/list/ HTTP/1.1" 200 9594
INFO 2024-11-27 10:07:47,086 "GET /staff/create/ HTTP/1.1" 200 12298
INFO 2024-11-27 10:08:03,218 "POST /staff/create/ HTTP/1.1" 302 0
INFO 2024-11-27 10:08:03,267 "GET /staff/3/ HTTP/1.1" 200 10514
INFO 2024-11-27 10:08:13,830 "GET /staff/list/ HTTP/1.1" 200 9798
INFO 2024-11-27 10:08:19,588 "GET /staff/create/ HTTP/1.1" 200 12298
INFO 2024-11-27 10:08:31,693 "POST /staff/create/ HTTP/1.1" 200 12423
INFO 2024-11-27 10:08:41,041 "POST /staff/create/ HTTP/1.1" 302 0
INFO 2024-11-27 10:08:41,073 "GET /staff/4/ HTTP/1.1" 200 10503
INFO 2024-11-27 10:08:44,073 "GET /staff/list/ HTTP/1.1" 200 9991
INFO 2024-11-27 10:08:45,067 "GET /student/list HTTP/1.1" 200 9644
INFO 2024-11-27 10:08:52,259 "GET /student/create/ HTTP/1.1" 200 13389
INFO 2024-11-27 10:08:57,280 "GET /staff/list/ HTTP/1.1" 200 9991
INFO 2024-11-27 10:09:01,048 "GET /result/create/ HTTP/1.1" 200 11123
INFO 2024-11-27 10:09:04,314 "GET /result/edit-results/ HTTP/1.1" 200 12375
INFO 2024-11-27 10:09:06,930 "GET /result/view/all HTTP/1.1" 200 10948
INFO 2024-11-27 10:09:11,759 "GET /session/list/ HTTP/1.1" 200 11982
INFO 2024-11-27 10:09:16,241 "GET /term/list/ HTTP/1.1" 200 12265
INFO 2024-11-27 10:09:22,594 "GET /subject/list/ HTTP/1.1" 200 11647
INFO 2024-11-27 10:09:29,426 "GET /class/list/ HTTP/1.1" 200 11673
INFO 2024-11-27 10:09:48,617 "GET /accounts/logout/ HTTP/1.1" 302 0
INFO 2024-11-27 10:09:48,634 "GET / HTTP/1.1" 302 0
INFO 2024-11-27 10:09:48,650 "GET /accounts/login/?next=/ HTTP/1.1" 200 3935
INFO 2024-11-28 15:01:06,229 Watching for file changes with StatReloader
INFO 2024-11-28 15:01:12,829 "GET / HTTP/1.1" 302 0
INFO 2024-11-28 15:01:12,877 "GET /accounts/login/?next=/ HTTP/1.1" 200 3935
INFO 2024-11-28 15:01:12,892 "GET /static/plugins/toastr/toastr.min.css HTTP/1.1" 304 0
INFO 2024-11-28 15:01:12,908 "GET /static/plugins/overlayScrollbars/css/OverlayScrollbars.min.css HTTP/1.1" 304 0
INFO 2024-11-28 15:01:12,908 "GET /static/plugins/fontawesome-free/css/all.min.css HTTP/1.1" 304 0
INFO 2024-11-28 15:01:12,908 "GET /static/dist/css/adminlte.min.css HTTP/1.1" 304 0
INFO 2024-11-28 15:01:12,908 "GET /static/dist/css/login-page.css HTTP/1.1" 304 0
INFO 2024-11-28 15:01:12,924 "GET /static/plugins/jquery/jquery.min.js HTTP/1.1" 304 0
INFO 2024-11-28 15:01:12,924 "GET /static/dist/img/login.png HTTP/1.1" 304 0
INFO 2024-11-28 15:01:12,924 "GET /static/dist/js/jquery.formset.js HTTP/1.1" 304 0
INFO 2024-11-28 15:01:12,956 "GET /static/plugins/bootstrap/js/bootstrap.bundle.min.js HTTP/1.1" 304 0
INFO 2024-11-28 15:01:12,956 "GET /static/plugins/toastr/toastr.min.js HTTP/1.1" 304 0
INFO 2024-11-28 15:01:12,956 "GET /static/plugins/overlayScrollbars/js/jquery.overlayScrollbars.min.js HTTP/1.1" 304 0
INFO 2024-11-28 15:01:12,988 "GET /static/dist/js/adminlte.js HTTP/1.1" 304 0
INFO 2024-11-28 15:01:12,988 "GET /static/dist/js/demo.js HTTP/1.1" 304 0
INFO 2024-11-28 15:01:13,277 "GET /static/plugins/fontawesome-free/webfonts/fa-solid-900.woff2 HTTP/1.1" 304 0
INFO 2024-11-28 15:01:31,822 "POST /accounts/login/ HTTP/1.1" 302 0
INFO 2024-11-28 15:01:31,879 "GET / HTTP/1.1" 200 8988
INFO 2024-11-28 15:01:31,894 "GET /static/plugins/Datatables/datatables.min.css HTTP/1.1" 304 0
INFO 2024-11-28 15:01:31,894 "GET /static/plugins/Datatables/datatables.min.js HTTP/1.1" 304 0
INFO 2024-11-28 15:01:31,935 "GET /static/plugins/fontawesome-free/webfonts/fa-regular-400.woff2 HTTP/1.1" 304 0
